D:\workdir\devsvc\x64\Release\cl.command.1.tlog
D:\workdir\devsvc\x64\Release\CL.read.1.tlog
D:\workdir\devsvc\x64\Release\CL.write.1.tlog
D:\WORKDIR\DEVSVC\X64\RELEASE\DEVCONFLIB.OBJ
D:\WORKDIR\DEVSVC\X64\RELEASE\DEVDBLIB.OBJ
D:\WORKDIR\DEVSVC\X64\RELEASE\DEVLOGLIB.OBJ
D:\WORKDIR\DEVSVC\X64\RELEASE\DEVNETLIB.OBJ
D:\WORKDIR\DEVSVC\X64\RELEASE\DEVPROTOLIB.OBJ
D:\WORKDIR\DEVSVC\X64\RELEASE\DEVSVC.EXE
D:\WORKDIR\DEVSVC\X64\RELEASE\DEVSVC.EXE.INTERMEDIATE.MANIFEST
D:\WORKDIR\DEVSVC\X64\RELEASE\DEVSVC.OBJ
D:\WORKDIR\DEVSVC\X64\RELEASE\DEVSVC.PCH
D:\WORKDIR\DEVSVC\X64\RELEASE\DEVSVC.PDB
D:\workdir\devsvc\x64\Release\devsvc.write.1.tlog
D:\WORKDIR\DEVSVC\X64\RELEASE\DEVTASKLIB.OBJ
D:\WORKDIR\DEVSVC\X64\RELEASE\DEVUTILS.OBJ
D:\workdir\devsvc\x64\Release\link.command.1.tlog
D:\workdir\devsvc\x64\Release\link.read.1.tlog
D:\workdir\devsvc\x64\Release\link.write.1.tlog
D:\workdir\devsvc\x64\Release\mt.command.1.tlog
D:\workdir\devsvc\x64\Release\mt.read.1.tlog
D:\workdir\devsvc\x64\Release\mt.write.1.tlog
D:\WORKDIR\DEVSVC\X64\RELEASE\STDAFX.OBJ
D:\WORKDIR\DEVSVC\X64\RELEASE\VC100.PDB
