Построение начато 02.07.2024 20:19:04.
     1>Проект "D:\workdir\devsvc\devsvc.vcxproj" в узле 2 (целевые объекты rebuild).
     1>_PrepareForClean:
         Файл "x64\Debug\devsvc.lastbuildstate" удаляется.
       InitializeBuildStatus:
         Создание "x64\Debug\devsvc.unsuccessfulbuild", так как было задано "AlwaysCreate".
       ClCompile:
         C:\Program Files (x86)\Microsoft Visual Studio 10.0\VC\bin\x86_amd64\CL.exe /c /Zi /nologo /W3 /WX- /Od /GL /D JSMN_STATIC /D _CRT_SECURE_NO_WARNINGS /D WIN32 /D _DEBUG /D _CONSOLE /D _UNICODE /D UNICODE /Gm- /EHs /MTd /GS /Gy /fp:precise /Zc:wchar_t /Zc:forScope /Yc"StdAfx.h" /Fp"x64\Debug\devsvc.pch" /Fo"x64\Debug\\" /Fd"x64\Debug\vc100.pdb" /Gd /TP /errorReport:prompt stdafx.cpp
         stdafx.cpp
         C:\Program Files (x86)\Microsoft Visual Studio 10.0\VC\bin\x86_amd64\CL.exe /c /Zi /nologo /W3 /WX- /Od /GL /D JSMN_STATIC /D _CRT_SECURE_NO_WARNINGS /D WIN32 /D _DEBUG /D _CONSOLE /D _UNICODE /D UNICODE /Gm- /EHs /MTd /GS /Gy /fp:precise /Zc:wchar_t /Zc:forScope /Yu"StdAfx.h" /Fp"x64\Debug\devsvc.pch" /Fo"x64\Debug\\" /Fd"x64\Debug\vc100.pdb" /Gd /TP /errorReport:prompt devconflib.cpp devdblib.cpp devprotolib.cpp devutils.cpp devloglib.cpp devnetlib.cpp devsvc.cpp devtasklib.cpp
         devconflib.cpp
         devdblib.cpp
         devprotolib.cpp
         devutils.cpp
         devloglib.cpp
         devnetlib.cpp
         devsvc.cpp
     1>devsvc.cpp(371): warning C4102: loglib_exit: неиспользованная метка
         devtasklib.cpp
       Link:
         C:\Program Files (x86)\Microsoft Visual Studio 10.0\VC\bin\x86_amd64\link.exe /ERRORREPORT:PROMPT /OUT:"D:\workdir\devsvc\x64\Debug\devsvc.exe" /INCREMENTAL:NO /NOLOGO kernel32.lib user32.lib gdi32.lib winspool.lib comdlg32.lib advapi32.lib shell32.lib ole32.lib oleaut32.lib uuid.lib odbc32.lib odbccp32.lib /MANIFEST /ManifestFile:"x64\Debug\devsvc.exe.intermediate.manifest" /MANIFESTUAC:"level='asInvoker' uiAccess='false'" /DEBUG /PDB:"D:\workdir\devsvc\x64\Debug\devsvc.pdb" /SUBSYSTEM:CONSOLE /LARGEADDRESSAWARE /LTCG /TLBID:1 /DYNAMICBASE /NXCOMPAT /IMPLIB:"D:\workdir\devsvc\x64\Debug\devsvc.lib" /MACHINE:X64 x64\Debug\devconflib.obj
         x64\Debug\devdblib.obj
         x64\Debug\devprotolib.obj
         x64\Debug\devutils.obj
         x64\Debug\devloglib.obj
         x64\Debug\devnetlib.obj
         x64\Debug\devsvc.obj
         x64\Debug\devtasklib.obj
         x64\Debug\stdafx.obj
         Создание кода
         Создание кода завершено
         devsvc.vcxproj -> D:\workdir\devsvc\x64\Debug\devsvc.exe
       Manifest:
         C:\Program Files (x86)\Microsoft SDKs\Windows\v7.0A\bin\mt.exe /nologo /verbose /outputresource:"D:\workdir\devsvc\x64\Debug\devsvc.exe;#1" /manifest x64\Debug\devsvc.exe.intermediate.manifest
       FinalizeBuildStatus:
         Файл "x64\Debug\devsvc.unsuccessfulbuild" удаляется.
         Обращение к "x64\Debug\devsvc.lastbuildstate".
     1>Построение проекта "D:\workdir\devsvc\devsvc.vcxproj" завершено (целевые объекты rebuild).

Построение успешно завершено.

Затраченное время: 00:00:02.54
