D:\workdir\devsvc\x64\Debug\cl.command.1.tlog
D:\workdir\devsvc\x64\Debug\CL.read.1.tlog
D:\workdir\devsvc\x64\Debug\CL.write.1.tlog
D:\WORKDIR\DEVSVC\X64\DEBUG\DEVCONFLIB.OBJ
D:\WORKDIR\DEVSVC\X64\DEBUG\DEVDBLIB.OBJ
D:\WORKDIR\DEVSVC\X64\DEBUG\DEVLOGLIB.OBJ
D:\WORKDIR\DEVSVC\X64\DEBUG\DEVNETLIB.OBJ
D:\WORKDIR\DEVSVC\X64\DEBUG\DEVSVC.EXE
D:\WORKDIR\DEVSVC\X64\DEBUG\DEVSVC.EXE.INTERMEDIATE.MANIFEST
D:\WORKDIR\DEVSVC\X64\DEBUG\DEVSVC.OBJ
D:\WORKDIR\DEVSVC\X64\DEBUG\DEVSVC.PCH
D:\WORKDIR\DEVSVC\X64\DEBUG\DEVSVC.PDB
D:\WORKDIR\DEVSVC\X64\DEBUG\DEVTASKLIB.OBJ
D:\WORKDIR\DEVSVC\X64\DEBUG\DEVUTILS.OBJ
D:\workdir\devsvc\x64\Debug\link.command.1.tlog
D:\workdir\devsvc\x64\Debug\link.read.1.tlog
D:\workdir\devsvc\x64\Debug\link.write.1.tlog
D:\workdir\devsvc\x64\Debug\mt.command.1.tlog
D:\workdir\devsvc\x64\Debug\mt.read.1.tlog
D:\workdir\devsvc\x64\Debug\mt.write.1.tlog
D:\WORKDIR\DEVSVC\X64\DEBUG\STDAFX.OBJ
D:\WORKDIR\DEVSVC\X64\DEBUG\VC100.PDB
